This is pdfTeX, Version 3.14159265-2.6-1.40.19 (MiKTeX 2.9.6880 64-bit) (preloaded format=pdflatex 2018.12.6)  30 JAN 2019 11:30
entering extended mode
**./Rapport_Pie.tex
(Rapport_Pie.tex
LaTeX2e <2018-04-01> patch level 5
(D:\Programmes\Prog_miktex\tex\latex\base\report.cls
Document Class: report 2014/09/29 v1.4h Standard LaTeX document class
(D:\Programmes\Prog_miktex\tex\latex\base\size12.clo
File: size12.clo 2014/09/29 v1.4h Standard LaTeX file (size option)
)
\c@part=\count80
\c@chapter=\count81
\c@section=\count82
\c@subsection=\count83
\c@subsubsection=\count84
\c@paragraph=\count85
\c@subparagraph=\count86
\c@figure=\count87
\c@table=\count88
\abovecaptionskip=\skip41
\belowcaptionskip=\skip42
\bibindent=\dimen102
)
(D:\Programmes\Prog_miktex\tex\latex\base\inputenc.sty
Package: inputenc 2018/04/06 v1.3b Input encoding file
\inpenc@prehook=\toks14
\inpenc@posthook=\toks15
)
(D:\Programmes\Prog_miktex\tex\latex\base\fontenc.sty
Package: fontenc 2017/04/05 v2.0i Standard LaTeX package

(D:\Programmes\Prog_miktex\tex\latex\base\t1enc.def
File: t1enc.def 2017/04/05 v2.0i Standard LaTeX file
LaTeX Font Info:    Redeclaring font encoding T1 on input line 48.
))
(D:\Programmes\Prog_miktex\tex\generic\babel\babel.sty
Package: babel 2018/11/13 3.27 The Babel package

(D:\Programmes\Prog_miktex\tex\generic\babel\switch.def
File: switch.def 2018/11/13 3.27 Babel switching mechanism
)
*************************************
* Local config file bblopts.cfg used
*
(D:\Programmes\Prog_miktex\tex\latex\arabi\bblopts.cfg
File: bblopts.cfg 2005/09/08 v0.1 add Arabic and Farsi to "declared" options of
 babel
)
(D:\Programmes\Prog_miktex\tex\generic\babel-french\french.ldf
Language: french 2018/09/14 v3.5c French support from the babel system

(D:\Programmes\Prog_miktex\tex\generic\babel\babel.def
File: babel.def 2018/11/13 3.27 Babel common definitions
\babel@savecnt=\count89
\U@D=\dimen103

(D:\Programmes\Prog_miktex\tex\generic\babel\txtbabel.def)
\bbl@dirlevel=\count90
)
\l@acadian = a dialect from \language\l@french 
\FB@nonchar=\count91
Package babel Info: Making : an active character on input line 414.
Package babel Info: Making ; an active character on input line 415.
Package babel Info: Making ! an active character on input line 416.
Package babel Info: Making ? an active character on input line 417.
\FBguill@level=\count92
\FBold@everypar=\toks16
\FB@Mht=\dimen104
\mc@charclass=\count93
\mc@charfam=\count94
\mc@charslot=\count95
\std@mcc=\count96
\dec@mcc=\count97
\c@FBcaption@count=\count98
\listindentFB=\dimen105
\descindentFB=\dimen106
\labelindentFB=\dimen107
\labelwidthFB=\dimen108
\leftmarginFB=\dimen109
\parindentFFN=\dimen110
\FBfnindent=\dimen111
))
(D:\Programmes\Prog_miktex\tex\latex\carlisle\scalefnt.sty)
(D:\Programmes\Prog_miktex\tex\latex\graphics\keyval.sty
Package: keyval 2014/10/28 v1.15 key=value parser (DPC)
\KV@toks@=\toks17
)
(D:\Programmes\Prog_miktex\tex\latex\a4wide\a4wide.sty
Package: a4wide 1994/08/30

(D:\Programmes\Prog_miktex\tex\latex\ntgclass\a4.sty
Package: a4 2004/04/15 v1.2g A4 based page layout
))
(D:\Programmes\Prog_miktex\tex\latex\graphics\graphicx.sty
Package: graphicx 2017/06/01 v1.1a Enhanced LaTeX Graphics (DPC,SPQR)

(D:\Programmes\Prog_miktex\tex\latex\graphics\graphics.sty
Package: graphics 2017/06/25 v1.2c Standard LaTeX Graphics (DPC,SPQR)

(D:\Programmes\Prog_miktex\tex\latex\graphics\trig.sty
Package: trig 2016/01/03 v1.10 sin cos tan (DPC)
)
(D:\Programmes\Prog_miktex\tex\latex\graphics-cfg\graphics.cfg
File: graphics.cfg 2016/06/04 v1.11 sample graphics configuration
)
Package graphics Info: Driver file: pdftex.def on input line 99.

(D:\Programmes\Prog_miktex\tex\latex\graphics-def\pdftex.def
File: pdftex.def 2018/01/08 v1.0l Graphics/color driver for pdftex
))
\Gin@req@height=\dimen112
\Gin@req@width=\dimen113
)
(D:\Programmes\Prog_miktex\tex\latex\subfig\subfig.sty
Package: subfig 2005/06/28 ver: 1.3 subfig package

(D:\Programmes\Prog_miktex\tex\latex\caption\caption.sty
Package: caption 2018/10/06 v3.3-154 Customizing captions (AR)

(D:\Programmes\Prog_miktex\tex\latex\caption\caption3.sty
Package: caption3 2018/09/12 v1.8c caption3 kernel (AR)
Package caption3 Info: TeX engine: e-TeX on input line 64.
\captionmargin=\dimen114
\captionmargin@=\dimen115
\captionwidth=\dimen116
\caption@tempdima=\dimen117
\caption@indent=\dimen118
\caption@parindent=\dimen119
\caption@hangindent=\dimen120
)
\c@caption@flags=\count99
\c@ContinuedFloat=\count100
)
\c@KVtest=\count101
\sf@farskip=\skip43
\sf@captopadj=\dimen121
\sf@capskip=\skip44
\sf@nearskip=\skip45
\c@subfigure=\count102
\c@subfigure@save=\count103
\c@lofdepth=\count104
\c@subtable=\count105
\c@subtable@save=\count106
\c@lotdepth=\count107
\sf@top=\skip46
\sf@bottom=\skip47
)
(D:\Programmes\Prog_miktex\tex\latex\pgf\frontendlayer\tikz.sty
(D:\Programmes\Prog_miktex\tex\latex\pgf\basiclayer\pgf.sty
(D:\Programmes\Prog_miktex\tex\latex\pgf\utilities\pgfrcs.sty
(D:\Programmes\Prog_miktex\tex\generic\pgf\utilities\pgfutil-common.tex
\pgfutil@everybye=\toks18
\pgfutil@tempdima=\dimen122
\pgfutil@tempdimb=\dimen123

(D:\Programmes\Prog_miktex\tex\generic\pgf\utilities\pgfutil-common-lists.tex))
(D:\Programmes\Prog_miktex\tex\generic\pgf\utilities\pgfutil-latex.def
\pgfutil@abb=\box26

(D:\Programmes\Prog_miktex\tex\latex\ms\everyshi.sty
Package: everyshi 2001/05/15 v3.00 EveryShipout Package (MS)
))
(D:\Programmes\Prog_miktex\tex\generic\pgf\utilities\pgfrcs.code.tex
Package: pgfrcs 2015/08/07 v3.0.1a (rcs-revision 1.31)
))
Package: pgf 2015/08/07 v3.0.1a (rcs-revision 1.15)

(D:\Programmes\Prog_miktex\tex\latex\pgf\basiclayer\pgfcore.sty
(D:\Programmes\Prog_miktex\tex\latex\pgf\systemlayer\pgfsys.sty
(D:\Programmes\Prog_miktex\tex\generic\pgf\systemlayer\pgfsys.code.tex
Package: pgfsys 2014/07/09 v3.0.1a (rcs-revision 1.48)

(D:\Programmes\Prog_miktex\tex\generic\pgf\utilities\pgfkeys.code.tex
\pgfkeys@pathtoks=\toks19
\pgfkeys@temptoks=\toks20

(D:\Programmes\Prog_miktex\tex\generic\pgf\utilities\pgfkeysfiltered.code.tex
\pgfkeys@tmptoks=\toks21
))
\pgf@x=\dimen124
\pgf@y=\dimen125
\pgf@xa=\dimen126
\pgf@ya=\dimen127
\pgf@xb=\dimen128
\pgf@yb=\dimen129
\pgf@xc=\dimen130
\pgf@yc=\dimen131
\w@pgf@writea=\write3
\r@pgf@reada=\read1
\c@pgf@counta=\count108
\c@pgf@countb=\count109
\c@pgf@countc=\count110
\c@pgf@countd=\count111
\t@pgf@toka=\toks22
\t@pgf@tokb=\toks23
\t@pgf@tokc=\toks24
(D:\Programmes\Prog_miktex\tex\generic\pgf\systemlayer\pgf.cfg
File: pgf.cfg 2008/05/14  (rcs-revision 1.7)
)
Driver file for pgf: pgfsys-pdftex.def

(D:\Programmes\Prog_miktex\tex\generic\pgf\systemlayer\pgfsys-pdftex.def
File: pgfsys-pdftex.def 2014/10/11  (rcs-revision 1.35)

(D:\Programmes\Prog_miktex\tex\generic\pgf\systemlayer\pgfsys-common-pdf.def
File: pgfsys-common-pdf.def 2013/10/10  (rcs-revision 1.13)
))) (D:\Programmes\Prog_miktex\tex\generic\pgf\systemlayer\pgfsyssoftpath.code.
tex
File: pgfsyssoftpath.code.tex 2013/09/09  (rcs-revision 1.9)
\pgfsyssoftpath@smallbuffer@items=\count112
\pgfsyssoftpath@bigbuffer@items=\count113
)
(D:\Programmes\Prog_miktex\tex\generic\pgf\systemlayer\pgfsysprotocol.code.tex
File: pgfsysprotocol.code.tex 2006/10/16  (rcs-revision 1.4)
)) (D:\Programmes\Prog_miktex\tex\latex\xcolor\xcolor.sty
Package: xcolor 2016/05/11 v2.12 LaTeX color extensions (UK)

(D:\Programmes\Prog_miktex\tex\latex\graphics-cfg\color.cfg
File: color.cfg 2016/01/02 v1.6 sample color configuration
)
Package xcolor Info: Driver file: pdftex.def on input line 225.
Package xcolor Info: Model `cmy' substituted by `cmy0' on input line 1348.
Package xcolor Info: Model `hsb' substituted by `rgb' on input line 1352.
Package xcolor Info: Model `RGB' extended on input line 1364.
Package xcolor Info: Model `HTML' substituted by `rgb' on input line 1366.
Package xcolor Info: Model `Hsb' substituted by `hsb' on input line 1367.
Package xcolor Info: Model `tHsb' substituted by `hsb' on input line 1368.
Package xcolor Info: Model `HSB' substituted by `hsb' on input line 1369.
Package xcolor Info: Model `Gray' substituted by `gray' on input line 1370.
Package xcolor Info: Model `wave' substituted by `hsb' on input line 1371.
)
(D:\Programmes\Prog_miktex\tex\generic\pgf\basiclayer\pgfcore.code.tex
Package: pgfcore 2010/04/11 v3.0.1a (rcs-revision 1.7)

(D:\Programmes\Prog_miktex\tex\generic\pgf\math\pgfmath.code.tex
(D:\Programmes\Prog_miktex\tex\generic\pgf\math\pgfmathcalc.code.tex
(D:\Programmes\Prog_miktex\tex\generic\pgf\math\pgfmathutil.code.tex)
(D:\Programmes\Prog_miktex\tex\generic\pgf\math\pgfmathparser.code.tex
\pgfmath@dimen=\dimen132
\pgfmath@count=\count114
\pgfmath@box=\box27
\pgfmath@toks=\toks25
\pgfmath@stack@operand=\toks26
\pgfmath@stack@operation=\toks27
)
(D:\Programmes\Prog_miktex\tex\generic\pgf\math\pgfmathfunctions.code.tex
(D:\Programmes\Prog_miktex\tex\generic\pgf\math\pgfmathfunctions.basic.code.tex
)
(D:\Programmes\Prog_miktex\tex\generic\pgf\math\pgfmathfunctions.trigonometric.
code.tex)
(D:\Programmes\Prog_miktex\tex\generic\pgf\math\pgfmathfunctions.random.code.te
x)
(D:\Programmes\Prog_miktex\tex\generic\pgf\math\pgfmathfunctions.comparison.cod
e.tex)
(D:\Programmes\Prog_miktex\tex\generic\pgf\math\pgfmathfunctions.base.code.tex)

(D:\Programmes\Prog_miktex\tex\generic\pgf\math\pgfmathfunctions.round.code.tex
)
(D:\Programmes\Prog_miktex\tex\generic\pgf\math\pgfmathfunctions.misc.code.tex)

(D:\Programmes\Prog_miktex\tex\generic\pgf\math\pgfmathfunctions.integerarithme
tics.code.tex)))
(D:\Programmes\Prog_miktex\tex\generic\pgf\math\pgfmathfloat.code.tex
\c@pgfmathroundto@lastzeros=\count115
))
(D:\Programmes\Prog_miktex\tex\generic\pgf\basiclayer\pgfcorepoints.code.tex
File: pgfcorepoints.code.tex 2013/10/07  (rcs-revision 1.27)
\pgf@picminx=\dimen133
\pgf@picmaxx=\dimen134
\pgf@picminy=\dimen135
\pgf@picmaxy=\dimen136
\pgf@pathminx=\dimen137
\pgf@pathmaxx=\dimen138
\pgf@pathminy=\dimen139
\pgf@pathmaxy=\dimen140
\pgf@xx=\dimen141
\pgf@xy=\dimen142
\pgf@yx=\dimen143
\pgf@yy=\dimen144
\pgf@zx=\dimen145
\pgf@zy=\dimen146
)
(D:\Programmes\Prog_miktex\tex\generic\pgf\basiclayer\pgfcorepathconstruct.code
.tex
File: pgfcorepathconstruct.code.tex 2013/10/07  (rcs-revision 1.29)
\pgf@path@lastx=\dimen147
\pgf@path@lasty=\dimen148
)
(D:\Programmes\Prog_miktex\tex\generic\pgf\basiclayer\pgfcorepathusage.code.tex
File: pgfcorepathusage.code.tex 2014/11/02  (rcs-revision 1.24)
\pgf@shorten@end@additional=\dimen149
\pgf@shorten@start@additional=\dimen150
) (D:\Programmes\Prog_miktex\tex\generic\pgf\basiclayer\pgfcorescopes.code.tex
File: pgfcorescopes.code.tex 2015/05/08  (rcs-revision 1.46)
\pgfpic=\box28
\pgf@hbox=\box29
\pgf@layerbox@main=\box30
\pgf@picture@serial@count=\count116
)
(D:\Programmes\Prog_miktex\tex\generic\pgf\basiclayer\pgfcoregraphicstate.code.
tex
File: pgfcoregraphicstate.code.tex 2014/11/02  (rcs-revision 1.12)
\pgflinewidth=\dimen151
)
(D:\Programmes\Prog_miktex\tex\generic\pgf\basiclayer\pgfcoretransformations.co
de.tex
File: pgfcoretransformations.code.tex 2015/08/07  (rcs-revision 1.20)
\pgf@pt@x=\dimen152
\pgf@pt@y=\dimen153
\pgf@pt@temp=\dimen154
)
(D:\Programmes\Prog_miktex\tex\generic\pgf\basiclayer\pgfcorequick.code.tex
File: pgfcorequick.code.tex 2008/10/09  (rcs-revision 1.3)
)
(D:\Programmes\Prog_miktex\tex\generic\pgf\basiclayer\pgfcoreobjects.code.tex
File: pgfcoreobjects.code.tex 2006/10/11  (rcs-revision 1.2)
)
(D:\Programmes\Prog_miktex\tex\generic\pgf\basiclayer\pgfcorepathprocessing.cod
e.tex
File: pgfcorepathprocessing.code.tex 2013/09/09  (rcs-revision 1.9)
)
(D:\Programmes\Prog_miktex\tex\generic\pgf\basiclayer\pgfcorearrows.code.tex
File: pgfcorearrows.code.tex 2015/05/14  (rcs-revision 1.43)
\pgfarrowsep=\dimen155
)
(D:\Programmes\Prog_miktex\tex\generic\pgf\basiclayer\pgfcoreshade.code.tex
File: pgfcoreshade.code.tex 2013/07/15  (rcs-revision 1.15)
\pgf@max=\dimen156
\pgf@sys@shading@range@num=\count117
)
(D:\Programmes\Prog_miktex\tex\generic\pgf\basiclayer\pgfcoreimage.code.tex
File: pgfcoreimage.code.tex 2013/07/15  (rcs-revision 1.18)

(D:\Programmes\Prog_miktex\tex\generic\pgf\basiclayer\pgfcoreexternal.code.tex
File: pgfcoreexternal.code.tex 2014/07/09  (rcs-revision 1.21)
\pgfexternal@startupbox=\box31
)) (D:\Programmes\Prog_miktex\tex\generic\pgf\basiclayer\pgfcorelayers.code.tex
File: pgfcorelayers.code.tex 2013/07/18  (rcs-revision 1.7)
)
(D:\Programmes\Prog_miktex\tex\generic\pgf\basiclayer\pgfcoretransparency.code.
tex
File: pgfcoretransparency.code.tex 2013/09/30  (rcs-revision 1.5)
)
(D:\Programmes\Prog_miktex\tex\generic\pgf\basiclayer\pgfcorepatterns.code.tex
File: pgfcorepatterns.code.tex 2013/11/07  (rcs-revision 1.5)
))) (D:\Programmes\Prog_miktex\tex\generic\pgf\modules\pgfmoduleshapes.code.tex
File: pgfmoduleshapes.code.tex 2014/03/21  (rcs-revision 1.35)
\pgfnodeparttextbox=\box32
) (D:\Programmes\Prog_miktex\tex\generic\pgf\modules\pgfmoduleplot.code.tex
File: pgfmoduleplot.code.tex 2015/08/03  (rcs-revision 1.13)
)
(D:\Programmes\Prog_miktex\tex\latex\pgf\compatibility\pgfcomp-version-0-65.sty
Package: pgfcomp-version-0-65 2007/07/03 v3.0.1a (rcs-revision 1.7)
\pgf@nodesepstart=\dimen157
\pgf@nodesepend=\dimen158
)
(D:\Programmes\Prog_miktex\tex\latex\pgf\compatibility\pgfcomp-version-1-18.sty
Package: pgfcomp-version-1-18 2007/07/23 v3.0.1a (rcs-revision 1.1)
)) (D:\Programmes\Prog_miktex\tex\latex\pgf\utilities\pgffor.sty
(D:\Programmes\Prog_miktex\tex\latex\pgf\utilities\pgfkeys.sty
(D:\Programmes\Prog_miktex\tex\generic\pgf\utilities\pgfkeys.code.tex))
(D:\Programmes\Prog_miktex\tex\latex\pgf\math\pgfmath.sty
(D:\Programmes\Prog_miktex\tex\generic\pgf\math\pgfmath.code.tex))
(D:\Programmes\Prog_miktex\tex\generic\pgf\utilities\pgffor.code.tex
Package: pgffor 2013/12/13 v3.0.1a (rcs-revision 1.25)

(D:\Programmes\Prog_miktex\tex\generic\pgf\math\pgfmath.code.tex)
\pgffor@iter=\dimen159
\pgffor@skip=\dimen160
\pgffor@stack=\toks28
\pgffor@toks=\toks29
))
(D:\Programmes\Prog_miktex\tex\generic\pgf\frontendlayer\tikz\tikz.code.tex
Package: tikz 2015/08/07 v3.0.1a (rcs-revision 1.151)

(D:\Programmes\Prog_miktex\tex\generic\pgf\libraries\pgflibraryplothandlers.cod
e.tex
File: pgflibraryplothandlers.code.tex 2013/08/31 v3.0.1a (rcs-revision 1.20)
\pgf@plot@mark@count=\count118
\pgfplotmarksize=\dimen161
)
\tikz@lastx=\dimen162
\tikz@lasty=\dimen163
\tikz@lastxsaved=\dimen164
\tikz@lastysaved=\dimen165
\tikzleveldistance=\dimen166
\tikzsiblingdistance=\dimen167
\tikz@figbox=\box33
\tikz@figbox@bg=\box34
\tikz@tempbox=\box35
\tikz@tempbox@bg=\box36
\tikztreelevel=\count119
\tikznumberofchildren=\count120
\tikznumberofcurrentchild=\count121
\tikz@fig@count=\count122

(D:\Programmes\Prog_miktex\tex\generic\pgf\modules\pgfmodulematrix.code.tex
File: pgfmodulematrix.code.tex 2013/09/17  (rcs-revision 1.8)
\pgfmatrixcurrentrow=\count123
\pgfmatrixcurrentcolumn=\count124
\pgf@matrix@numberofcolumns=\count125
)
\tikz@expandcount=\count126

(D:\Programmes\Prog_miktex\tex\generic\pgf\frontendlayer\tikz\libraries\tikzlib
rarytopaths.code.tex
File: tikzlibrarytopaths.code.tex 2008/06/17 v3.0.1a (rcs-revision 1.2)
)))
(D:\Programmes\Prog_miktex\tex\generic\pgf\frontendlayer\tikz\libraries\tikzlib
raryshapes.code.tex
File: tikzlibraryshapes.code.tex 2008/01/09 v3.0.1a (rcs-revision 1.1)

(D:\Programmes\Prog_miktex\tex\generic\pgf\frontendlayer\tikz\libraries\tikzlib
raryshapes.geometric.code.tex
File: tikzlibraryshapes.geometric.code.tex 2008/01/09 v3.0.1a (rcs-revision 1.1
)

(D:\Programmes\Prog_miktex\tex\generic\pgf\libraries\shapes\pgflibraryshapes.ge
ometric.code.tex
File: pgflibraryshapes.geometric.code.tex 2008/06/26 v3.0.1a (rcs-revision 1.1)

))
(D:\Programmes\Prog_miktex\tex\generic\pgf\frontendlayer\tikz\libraries\tikzlib
raryshapes.misc.code.tex
File: tikzlibraryshapes.misc.code.tex 2008/01/09 v3.0.1a (rcs-revision 1.1)

(D:\Programmes\Prog_miktex\tex\generic\pgf\libraries\shapes\pgflibraryshapes.mi
sc.code.tex
File: pgflibraryshapes.misc.code.tex 2013/07/18 v3.0.1a (rcs-revision 1.5)
))
(D:\Programmes\Prog_miktex\tex\generic\pgf\frontendlayer\tikz\libraries\tikzlib
raryshapes.symbols.code.tex
File: tikzlibraryshapes.symbols.code.tex 2008/01/09 v3.0.1a (rcs-revision 1.1)

(D:\Programmes\Prog_miktex\tex\generic\pgf\libraries\shapes\pgflibraryshapes.sy
mbols.code.tex
File: pgflibraryshapes.symbols.code.tex 2013/09/11 v3.0.1a (rcs-revision 1.6)
))
(D:\Programmes\Prog_miktex\tex\generic\pgf\frontendlayer\tikz\libraries\tikzlib
raryshapes.arrows.code.tex
File: tikzlibraryshapes.arrows.code.tex 2008/01/09 v3.0.1a (rcs-revision 1.1)

(D:\Programmes\Prog_miktex\tex\generic\pgf\libraries\shapes\pgflibraryshapes.ar
rows.code.tex
File: pgflibraryshapes.arrows.code.tex 2008/06/26 v3.0.1a (rcs-revision 1.1)
))
(D:\Programmes\Prog_miktex\tex\generic\pgf\frontendlayer\tikz\libraries\tikzlib
raryshapes.callouts.code.tex
(D:\Programmes\Prog_miktex\tex\generic\pgf\libraries\shapes\pgflibraryshapes.ca
llouts.code.tex))
(D:\Programmes\Prog_miktex\tex\generic\pgf\frontendlayer\tikz\libraries\tikzlib
raryshapes.multipart.code.tex
File: tikzlibraryshapes.multipart.code.tex 2008/01/09 v3.0.1a (rcs-revision 1.1
)

(D:\Programmes\Prog_miktex\tex\generic\pgf\libraries\shapes\pgflibraryshapes.mu
ltipart.code.tex
File: pgflibraryshapes.multipart.code.tex 2010/01/07 v3.0.1a (rcs-revision 1.2)

\pgfnodepartlowerbox=\box37
\pgfnodeparttwobox=\box38
\pgfnodepartthreebox=\box39
\pgfnodepartfourbox=\box40
\pgfnodeparttwentybox=\box41
\pgfnodepartnineteenbox=\box42
\pgfnodeparteighteenbox=\box43
\pgfnodepartseventeenbox=\box44
\pgfnodepartsixteenbox=\box45
\pgfnodepartfifteenbox=\box46
\pgfnodepartfourteenbox=\box47
\pgfnodepartthirteenbox=\box48
\pgfnodeparttwelvebox=\box49
\pgfnodepartelevenbox=\box50
\pgfnodeparttenbox=\box51
\pgfnodepartninebox=\box52
\pgfnodeparteightbox=\box53
\pgfnodepartsevenbox=\box54
\pgfnodepartsixbox=\box55
\pgfnodepartfivebox=\box56
)))
(D:\Programmes\Prog_miktex\tex\generic\pgf\frontendlayer\tikz\libraries\tikzlib
raryarrows.code.tex
File: tikzlibraryarrows.code.tex 2008/01/09 v3.0.1a (rcs-revision 1.1)

(D:\Programmes\Prog_miktex\tex\generic\pgf\libraries\pgflibraryarrows.code.tex
File: pgflibraryarrows.code.tex 2013/09/23 v3.0.1a (rcs-revision 1.16)
\arrowsize=\dimen168
)) (D:\Programmes\Prog_miktex\tex\latex\pgfplots\pgfplots.sty
(D:\Programmes\Prog_miktex\tex\generic\pgfplots\pgfplots.revision.tex)
Package: pgfplots 2018/03/28 v1.16 Data Visualization (1.16)

(D:\Programmes\Prog_miktex\tex\generic\pgfplots\pgfplots.code.tex
(D:\Programmes\Prog_miktex\tex\generic\pgfplots\pgfplotscore.code.tex
\t@pgfplots@toka=\toks30
\t@pgfplots@tokb=\toks31
\t@pgfplots@tokc=\toks32
\pgfplots@tmpa=\dimen169
\c@pgfplots@coordindex=\count127
\c@pgfplots@scanlineindex=\count128

(D:\Programmes\Prog_miktex\tex\generic\pgfplots\sys\pgfplotssysgeneric.code.tex
))
(D:\Programmes\Prog_miktex\tex\generic\pgfplots\libs\pgfplotslibrary.code.tex)
(D:\Programmes\Prog_miktex\tex\generic\pgfplots\oldpgfcompatib\pgfplotsoldpgfsu
pp_loader.code.tex
(D:\Programmes\Prog_miktex\tex\generic\pgf\libraries\pgflibraryfpu.code.tex)
Package pgfplots: loading complementary arithmetics for your pgf version...

(D:\Programmes\Prog_miktex\tex\generic\pgfplots\oldpgfcompatib\pgfplotsoldpgfsu
pp_pgflibraryfpu.code.tex)
(D:\Programmes\Prog_miktex\tex\generic\pgfplots\oldpgfcompatib\pgfplotsoldpgfsu
pp_pgfmathfloat.code.tex
\c@pgfmathroundto@lastzeros=\count129
)
(D:\Programmes\Prog_miktex\tex\generic\pgfplots\oldpgfcompatib\pgfplotsoldpgfsu
pp_leq.code.tex))
(D:\Programmes\Prog_miktex\tex\generic\pgfplots\util\pgfplotsutil.code.tex
(D:\Programmes\Prog_miktex\tex\generic\pgfplots\liststructure\pgfplotsliststruc
ture.code.tex)
(D:\Programmes\Prog_miktex\tex\generic\pgfplots\liststructure\pgfplotsliststruc
tureext.code.tex)
(D:\Programmes\Prog_miktex\tex\generic\pgfplots\liststructure\pgfplotsarray.cod
e.tex
\c@pgfplotsarray@tmp=\count130
)
(D:\Programmes\Prog_miktex\tex\generic\pgfplots\liststructure\pgfplotsmatrix.co
de.tex)
(D:\Programmes\Prog_miktex\tex\generic\pgfplots\numtable\pgfplotstableshared.co
de.tex
\c@pgfplotstable@counta=\count131
\t@pgfplotstable@a=\toks33
)
(D:\Programmes\Prog_miktex\tex\generic\pgfplots\liststructure\pgfplotsdeque.cod
e.tex)
(D:\Programmes\Prog_miktex\tex\generic\pgfplots\util\pgfplotsbinary.code.tex
(D:\Programmes\Prog_miktex\tex\generic\pgfplots\util\pgfplotsbinary.data.code.t
ex))
(D:\Programmes\Prog_miktex\tex\generic\pgfplots\util\pgfplotsutil.verb.code.tex
)
(D:\Programmes\Prog_miktex\tex\generic\pgfplots\libs\pgflibrarypgfplots.surfsha
ding.code.tex
\c@pgfplotslibrarysurf@no=\count132

(D:\Programmes\Prog_miktex\tex\generic\pgfplots\sys\pgflibrarypgfplots.surfshad
ing.pgfsys-pdftex.def)))
(D:\Programmes\Prog_miktex\tex\generic\pgfplots\util\pgfplotscolormap.code.tex
(D:\Programmes\Prog_miktex\tex\generic\pgfplots\util\pgfplotscolor.code.tex))
(D:\Programmes\Prog_miktex\tex\generic\pgfplots\pgfplotsstackedplots.code.tex)
(D:\Programmes\Prog_miktex\tex\generic\pgfplots\pgfplotsplothandlers.code.tex
(D:\Programmes\Prog_miktex\tex\generic\pgfplots\pgfplotsmeshplothandler.code.te
x
(D:\Programmes\Prog_miktex\tex\generic\pgfplots\pgfplotsmeshplotimage.code.tex)
)) (D:\Programmes\Prog_miktex\tex\generic\pgfplots\pgfplots.scaling.code.tex)
(D:\Programmes\Prog_miktex\tex\generic\pgfplots\pgfplotscoordprocessing.code.te
x) (D:\Programmes\Prog_miktex\tex\generic\pgfplots\pgfplots.errorbars.code.tex)
(D:\Programmes\Prog_miktex\tex\generic\pgfplots\pgfplots.markers.code.tex)
(D:\Programmes\Prog_miktex\tex\generic\pgfplots\pgfplotsticks.code.tex)
(D:\Programmes\Prog_miktex\tex\generic\pgfplots\pgfplots.paths.code.tex)
(D:\Programmes\Prog_miktex\tex\generic\pgf\frontendlayer\tikz\libraries\tikzlib
rarydecorations.code.tex
(D:\Programmes\Prog_miktex\tex\generic\pgf\modules\pgfmoduledecorations.code.te
x
\pgfdecoratedcompleteddistance=\dimen170
\pgfdecoratedremainingdistance=\dimen171
\pgfdecoratedinputsegmentcompleteddistance=\dimen172
\pgfdecoratedinputsegmentremainingdistance=\dimen173
\pgf@decorate@distancetomove=\dimen174
\pgf@decorate@repeatstate=\count133
\pgfdecorationsegmentamplitude=\dimen175
\pgfdecorationsegmentlength=\dimen176
)
\tikz@lib@dec@box=\box57
)
(D:\Programmes\Prog_miktex\tex\generic\pgf\frontendlayer\tikz\libraries\tikzlib
rarydecorations.pathmorphing.code.tex
(D:\Programmes\Prog_miktex\tex\generic\pgf\libraries\decorations\pgflibrarydeco
rations.pathmorphing.code.tex))
(D:\Programmes\Prog_miktex\tex\generic\pgf\frontendlayer\tikz\libraries\tikzlib
rarydecorations.pathreplacing.code.tex
(D:\Programmes\Prog_miktex\tex\generic\pgf\libraries\decorations\pgflibrarydeco
rations.pathreplacing.code.tex))
\pgfplots@numplots=\count134
\pgfplots@xmin@reg=\dimen177
\pgfplots@xmax@reg=\dimen178
\pgfplots@ymin@reg=\dimen179
\pgfplots@ymax@reg=\dimen180
\pgfplots@zmin@reg=\dimen181
\pgfplots@zmax@reg=\dimen182
)
(D:\Programmes\Prog_miktex\tex\generic\pgf\frontendlayer\tikz\libraries\tikzlib
raryplotmarks.code.tex
File: tikzlibraryplotmarks.code.tex 2008/01/09 v3.0.1a (rcs-revision 1.1)

(D:\Programmes\Prog_miktex\tex\generic\pgf\libraries\pgflibraryplotmarks.code.t
ex
File: pgflibraryplotmarks.code.tex 2015/08/03 v3.0.1a (rcs-revision 1.14)
)))
\figureheight=\skip48
\figurewidth=\skip49
 (D:\Programmes\Prog_miktex\tex\latex\base\ifthen.sty
Package: ifthen 2014/09/29 v1.1c Standard LaTeX ifthen package (DPC)
)
(D:\Programmes\Prog_miktex\tex\generic\oberdiek\ifpdf.sty
Package: ifpdf 2018/09/07 v3.3 Provides the ifpdf switch
)
(D:\Programmes\Prog_miktex\tex\latex\hyperref\hyperref.sty
Package: hyperref 2018/11/30 v6.88e Hypertext links for LaTeX

(D:\Programmes\Prog_miktex\tex\generic\oberdiek\hobsub-hyperref.sty
Package: hobsub-hyperref 2016/05/16 v1.14 Bundle oberdiek, subset hyperref (HO)


(D:\Programmes\Prog_miktex\tex\generic\oberdiek\hobsub-generic.sty
Package: hobsub-generic 2016/05/16 v1.14 Bundle oberdiek, subset generic (HO)
Package: hobsub 2016/05/16 v1.14 Construct package bundles (HO)
Package: infwarerr 2016/05/16 v1.4 Providing info/warning/error messages (HO)
Package: ltxcmds 2016/05/16 v1.23 LaTeX kernel commands for general use (HO)
Package: ifluatex 2016/05/16 v1.4 Provides the ifluatex switch (HO)
Package ifluatex Info: LuaTeX not detected.
Package: ifvtex 2016/05/16 v1.6 Detect VTeX and its facilities (HO)
Package ifvtex Info: VTeX not detected.
Package: intcalc 2016/05/16 v1.2 Expandable calculations with integers (HO)
Package hobsub Info: Skipping package `ifpdf' (already loaded).
Package: etexcmds 2016/05/16 v1.6 Avoid name clashes with e-TeX commands (HO)
Package: kvsetkeys 2016/05/16 v1.17 Key value parser (HO)
Package: kvdefinekeys 2016/05/16 v1.4 Define keys (HO)
Package: pdftexcmds 2018/09/10 v0.29 Utility functions of pdfTeX for LuaTeX (HO
)
Package pdftexcmds Info: LuaTeX not detected.
Package pdftexcmds Info: \pdf@primitive is available.
Package pdftexcmds Info: \pdf@ifprimitive is available.
Package pdftexcmds Info: \pdfdraftmode found.
Package: pdfescape 2016/05/16 v1.14 Implements pdfTeX's escape features (HO)
Package: bigintcalc 2016/05/16 v1.4 Expandable calculations on big integers (HO
)
Package: bitset 2016/05/16 v1.2 Handle bit-vector datatype (HO)
Package: uniquecounter 2016/05/16 v1.3 Provide unlimited unique counter (HO)
)
Package hobsub Info: Skipping package `hobsub' (already loaded).
Package: letltxmacro 2016/05/16 v1.5 Let assignment for LaTeX macros (HO)
Package: hopatch 2016/05/16 v1.3 Wrapper for package hooks (HO)
Package: xcolor-patch 2016/05/16 xcolor patch
Package: atveryend 2016/05/16 v1.9 Hooks at the very end of document (HO)
Package atveryend Info: \enddocument detected (standard20110627).
Package: atbegshi 2016/06/09 v1.18 At begin shipout hook (HO)
Package: refcount 2016/05/16 v3.5 Data extraction from label references (HO)
Package: hycolor 2016/05/16 v1.8 Color options for hyperref/bookmark (HO)
)
(D:\Programmes\Prog_miktex\tex\generic\ifxetex\ifxetex.sty
Package: ifxetex 2010/09/12 v0.6 Provides ifxetex conditional
)
(D:\Programmes\Prog_miktex\tex\latex\oberdiek\auxhook.sty
Package: auxhook 2016/05/16 v1.4 Hooks for auxiliary files (HO)
)
(D:\Programmes\Prog_miktex\tex\latex\oberdiek\kvoptions.sty
Package: kvoptions 2016/05/16 v3.12 Key value format for package options (HO)
)
\@linkdim=\dimen183
\Hy@linkcounter=\count135
\Hy@pagecounter=\count136

(D:\Programmes\Prog_miktex\tex\latex\hyperref\pd1enc.def
File: pd1enc.def 2018/11/30 v6.88e Hyperref: PDFDocEncoding definition (HO)
Now handling font encoding PD1 ...
... no UTF-8 mapping file for font encoding PD1
)
\Hy@SavedSpaceFactor=\count137

(D:\Programmes\Prog_miktex\tex\latex\00miktex\hyperref.cfg
File: hyperref.cfg 2002/06/06 v1.2 hyperref configuration of TeXLive
)
Package hyperref Info: Hyper figures OFF on input line 4519.
Package hyperref Info: Link nesting OFF on input line 4524.
Package hyperref Info: Hyper index ON on input line 4527.
Package hyperref Info: Plain pages OFF on input line 4534.
Package hyperref Info: Backreferencing OFF on input line 4539.
Package hyperref Info: Implicit mode ON; LaTeX internals redefined.
Package hyperref Info: Bookmarks ON on input line 4772.
\c@Hy@tempcnt=\count138

(D:\Programmes\Prog_miktex\tex\latex\url\url.sty
\Urlmuskip=\muskip10
Package: url 2013/09/16  ver 3.4  Verb mode for urls, etc.
)
LaTeX Info: Redefining \url on input line 5125.
\XeTeXLinkMargin=\dimen184
\Fld@menulength=\count139
\Field@Width=\dimen185
\Fld@charsize=\dimen186
Package hyperref Info: Hyper figures OFF on input line 6380.
Package hyperref Info: Link nesting OFF on input line 6385.
Package hyperref Info: Hyper index ON on input line 6388.
Package hyperref Info: backreferencing OFF on input line 6395.
Package hyperref Info: Link coloring OFF on input line 6400.
Package hyperref Info: Link coloring with OCG OFF on input line 6405.
Package hyperref Info: PDF/A mode OFF on input line 6410.
LaTeX Info: Redefining \ref on input line 6450.
LaTeX Info: Redefining \pageref on input line 6454.
\Hy@abspage=\count140
\c@Item=\count141
\c@Hfootnote=\count142
)
Package hyperref Info: Driver: hpdftex.

(D:\Programmes\Prog_miktex\tex\latex\hyperref\hpdftex.def
File: hpdftex.def 2018/11/30 v6.88e Hyperref driver for pdfTeX
\Fld@listcount=\count143
\c@bookmark@seq@number=\count144

(D:\Programmes\Prog_miktex\tex\latex\oberdiek\rerunfilecheck.sty
Package: rerunfilecheck 2016/05/16 v1.8 Rerun checks for auxiliary files (HO)
Package uniquecounter Info: New unique counter `rerunfilecheck' on input line 2
82.
)
\Hy@SectionHShift=\skip50
)
Package hyperref Info: Option `colorlinks' set `true' on input line 52.

(D:\Programmes\Prog_miktex\tex\latex\fancyhdr\fancyhdr.sty
Package: fancyhdr 2017/06/30 v3.9a Extensive control of page headers and footer
s
\f@nch@headwidth=\skip51
\f@nch@O@elh=\skip52
\f@nch@O@erh=\skip53
\f@nch@O@olh=\skip54
\f@nch@O@orh=\skip55
\f@nch@O@elf=\skip56
\f@nch@O@erf=\skip57
\f@nch@O@olf=\skip58
\f@nch@O@orf=\skip59
)

Package Fancyhdr Warning: \fancyhead's `E' option without twoside option is use
less on input line 58.


Package Fancyhdr Warning: \fancyhead's `E' option without twoside option is use
less on input line 59.

(D:\Programmes\Prog_miktex\tex\latex\colortbl\colortbl.sty
Package: colortbl 2018/05/02 v1.0c Color table columns (DPC)

(D:\Programmes\Prog_miktex\tex\latex\tools\array.sty
Package: array 2018/04/30 v2.4h Tabular extension package (FMi)
\col@sep=\dimen187
\ar@mcellbox=\box58
\extrarowheight=\dimen188
\NC@list=\toks34
\extratabsurround=\skip60
\backup@length=\skip61
\ar@cellbox=\box59
)
\everycr=\toks35
\minrowclearance=\skip62
)
(D:\Programmes\Prog_miktex\tex\latex\enumitem\enumitem.sty
Package: enumitem 2018/11/30 v3.6 Customized lists
\labelindent=\skip63
\enit@outerparindent=\dimen189
\enit@toks=\toks36
\enit@inbox=\box60
\enitdp@description=\count145
)
(D:\Programmes\Prog_miktex\tex\latex\amscls\amsthm.sty
Package: amsthm 2017/10/31 v2.20.4
\thm@style=\toks37
\thm@bodyfont=\toks38
\thm@headfont=\toks39
\thm@notefont=\toks40
\thm@headpunct=\toks41
\thm@preskip=\skip64
\thm@postskip=\skip65
\thm@headsep=\skip66
\dth@everypar=\toks42
)
(D:\Programmes\Prog_miktex\tex\latex\amsfonts\amssymb.sty
Package: amssymb 2013/01/14 v3.01 AMS font symbols

(D:\Programmes\Prog_miktex\tex\latex\amsfonts\amsfonts.sty
Package: amsfonts 2013/01/14 v3.01 Basic AMSFonts support
\@emptytoks=\toks43
\symAMSa=\mathgroup4
\symAMSb=\mathgroup5
LaTeX Font Info:    Overwriting math alphabet `\mathfrak' in version `bold'
(Font)                  U/euf/m/n --> U/euf/b/n on input line 106.
))
(D:\Programmes\Prog_miktex\tex\latex\amsmath\amsmath.sty
Package: amsmath 2017/09/02 v2.17a AMS math features
\@mathmargin=\skip67

For additional information on amsmath, use the `?' option.
(D:\Programmes\Prog_miktex\tex\latex\amsmath\amstext.sty
Package: amstext 2000/06/29 v2.01 AMS text

(D:\Programmes\Prog_miktex\tex\latex\amsmath\amsgen.sty
File: amsgen.sty 1999/11/30 v2.0 generic functions
\@emptytoks=\toks44
\ex@=\dimen190
))
(D:\Programmes\Prog_miktex\tex\latex\amsmath\amsbsy.sty
Package: amsbsy 1999/11/29 v1.2d Bold Symbols
\pmbraise@=\dimen191
)
(D:\Programmes\Prog_miktex\tex\latex\amsmath\amsopn.sty
Package: amsopn 2016/03/08 v2.02 operator names
)
\inf@bad=\count146
LaTeX Info: Redefining \frac on input line 213.
\uproot@=\count147
\leftroot@=\count148
LaTeX Info: Redefining \overline on input line 375.
\classnum@=\count149
\DOTSCASE@=\count150
LaTeX Info: Redefining \ldots on input line 472.
LaTeX Info: Redefining \dots on input line 475.
LaTeX Info: Redefining \cdots on input line 596.
\Mathstrutbox@=\box61
\strutbox@=\box62
\big@size=\dimen192
LaTeX Font Info:    Redeclaring font encoding OML on input line 712.
LaTeX Font Info:    Redeclaring font encoding OMS on input line 713.
\macc@depth=\count151
\c@MaxMatrixCols=\count152
\dotsspace@=\muskip11
\c@parentequation=\count153
\dspbrk@lvl=\count154
\tag@help=\toks45
\row@=\count155
\column@=\count156
\maxfields@=\count157
\andhelp@=\toks46
\eqnshift@=\dimen193
\alignsep@=\dimen194
\tagshift@=\dimen195
\tagwidth@=\dimen196
\totwidth@=\dimen197
\lineht@=\dimen198
\@envbody=\toks47
\multlinegap=\skip68
\multlinetaggap=\skip69
\mathdisplay@stack=\toks48
LaTeX Info: Redefining \[ on input line 2817.
LaTeX Info: Redefining \] on input line 2818.
)
(D:\Programmes\Prog_miktex\tex\latex\bbm\bbm.sty
Package: bbm 1999/03/15 V 1.2 provides fonts for set symbols - TH
LaTeX Font Info:    Overwriting math alphabet `\mathbbm' in version `bold'
(Font)                  U/bbm/m/n --> U/bbm/bx/n on input line 33.
LaTeX Font Info:    Overwriting math alphabet `\mathbbmss' in version `bold'
(Font)                  U/bbmss/m/n --> U/bbmss/bx/n on input line 35.
)
(D:\Programmes\Prog_miktex\tex\latex\tools\bm.sty
Package: bm 2017/01/16 v1.2c Bold Symbol Support (DPC/FMi)
\symboldoperators=\mathgroup6
\symboldletters=\mathgroup7
\symboldsymbols=\mathgroup8
LaTeX Font Info:    Redeclaring math alphabet \mathbf on input line 141.
LaTeX Info: Redefining \bm on input line 207.
)
(D:\Programmes\Prog_miktex\tex\latex\multirow\multirow.sty
Package: multirow 2018/08/03 v2.3 Span multiple rows of a table
\multirow@colwidth=\skip70
\multirow@cntb=\count158
\multirow@dima=\skip71
\bigstrutjot=\dimen199
)
(D:\Programmes\Prog_miktex\tex\latex\acronym\acronym.sty
Package: acronym 2015/03/21 v1.41 Support for acronyms (Tobias Oetiker)

(D:\Programmes\Prog_miktex\tex\latex\bigfoot\suffix.sty
Package: suffix 2006/07/15 1.5a Variant command support
)
(D:\Programmes\Prog_miktex\tex\latex\xstring\xstring.sty
(D:\Programmes\Prog_miktex\tex\generic\xstring\xstring.tex
\@xs@message=\write4
\integerpart=\count159
\decimalpart=\count160
)
Package: xstring 2013/10/13  v1.7c  String manipulations (C Tellechea)
)
\AC@clearlist=\toks49
)
\c@definition=\count161
\c@theoreme=\count162
\c@remarque=\count163
\c@propriete=\count164
\c@exemple=\count165

No file Rapport_Pie.aux.
\openout1 = `Rapport_Pie.aux'.

LaTeX Font Info:    Checking defaults for OML/cmm/m/it on input line 174.
LaTeX Font Info:    ... okay on input line 174.
LaTeX Font Info:    Checking defaults for T1/cmr/m/n on input line 174.
LaTeX Font Info:    ... okay on input line 174.
LaTeX Font Info:    Checking defaults for OT1/cmr/m/n on input line 174.
LaTeX Font Info:    ... okay on input line 174.
LaTeX Font Info:    Checking defaults for OMS/cmsy/m/n on input line 174.
LaTeX Font Info:    ... okay on input line 174.
LaTeX Font Info:    Checking defaults for OMX/cmex/m/n on input line 174.
LaTeX Font Info:    ... okay on input line 174.
LaTeX Font Info:    Checking defaults for U/cmr/m/n on input line 174.
LaTeX Font Info:    ... okay on input line 174.
LaTeX Font Info:    Checking defaults for PD1/pdf/m/n on input line 174.
LaTeX Font Info:    ... okay on input line 174.
LaTeX Info: Redefining \degres on input line 174.
LaTeX Info: Redefining \dots on input line 174.
Package french.ldf Info: Setting StandardItemizeEnv=true for
(french.ldf)             compatibility with enumitem package,
(french.ldf)             reported on input line 174.
Package french.ldf Info: Setting StandardEnumerateEnv=true for
(french.ldf)             compatibility with enumitem package,
(french.ldf)             reported on input line 174.
LaTeX Info: Redefining \up on input line 174.
(D:\Programmes\Prog_miktex\tex\context\base\supp-pdf.mkii
[Loading MPS to PDF converter (version 2006.09.02).]
\scratchcounter=\count166
\scratchdimen=\dimen256
\scratchbox=\box63
\nofMPsegments=\count167
\nofMParguments=\count168
\everyMPshowfont=\toks50
\MPscratchCnt=\count169
\MPscratchDim=\dimen257
\MPnumerator=\count170
\makeMPintoPDFobject=\count171
\everyMPtoPDFconversion=\toks51
) (D:\Programmes\Prog_miktex\tex\latex\oberdiek\epstopdf-base.sty
Package: epstopdf-base 2016/05/15 v2.6 Base part for package epstopdf

(D:\Programmes\Prog_miktex\tex\latex\oberdiek\grfext.sty
Package: grfext 2016/05/16 v1.2 Manage graphics extensions (HO)
)
Package epstopdf-base Info: Redefining graphics rule for `.eps' on input line 4
38.
Package grfext Info: Graphics extension search list:
(grfext)             [.pdf,.png,.jpg,.mps,.jpeg,.jbig2,.jb2,.PDF,.PNG,.JPG,.JPE
G,.JBIG2,.JB2,.eps]
(grfext)             \AppendGraphicsExtensions on input line 456.
)
Package caption Info: Begin \AtBeginDocument code.
Package caption Info: subfig package v1.3 is loaded.
Package caption Info: hyperref package is loaded.
Package caption Info: End \AtBeginDocument code.

ABD: EveryShipout initializing macros
Package pgfplots notification 'compat/show suggested version=true': document ha
s been generated with the most recent feature set (\pgfplotsset{compat=1.16}).

\AtBeginShipoutBox=\box64
Package hyperref Info: Link coloring ON on input line 174.
(D:\Programmes\Prog_miktex\tex\latex\hyperref\nameref.sty
Package: nameref 2016/05/21 v2.44 Cross-referencing by name of section

(D:\Programmes\Prog_miktex\tex\generic\oberdiek\gettitlestring.sty
Package: gettitlestring 2016/05/16 v1.5 Cleanup title references (HO)
)
\c@section@level=\count172
)
LaTeX Info: Redefining \ref on input line 174.
LaTeX Info: Redefining \pageref on input line 174.
LaTeX Info: Redefining \nameref on input line 174.
\@outlinefile=\write5
\openout5 = `Rapport_Pie.out'.

<C:/Users/Utilisateur/Pictures/isae_logo.png, id=6, 183.96pt x 111.69pt>
File: C:/Users/Utilisateur/Pictures/isae_logo.png Graphic file (type png)
<use C:/Users/Utilisateur/Pictures/isae_logo.png>
Package pdftex.def Info: C:/Users/Utilisateur/Pictures/isae_logo.png  used on i
nput line 183.
(pdftex.def)             Requested size: 276.43555pt x 167.85497pt.
LaTeX Font Info:    Try loading font information for U+msa on input line 205.

(D:\Programmes\Prog_miktex\tex\latex\amsfonts\umsa.fd
File: umsa.fd 2013/01/14 v3.01 AMS symbols A
)
LaTeX Font Info:    Try loading font information for U+msb on input line 205.

(D:\Programmes\Prog_miktex\tex\latex\amsfonts\umsb.fd
File: umsb.fd 2013/01/14 v3.01 AMS symbols B
) [1

{C:/Users/Utilisateur/AppData/Local/MiKTeX/2.9/pdftex/config/pdftex.map} <C:/Us
ers/Utilisateur/Pictures/isae_logo.png>]
\tf@toc=\write6
\openout6 = `Rapport_Pie.toc'.

pdfTeX warning (ext4): destination with the same identifier (name{page.1}) has 
been already used, duplicate ignored
<to be read again> 
                   \relax 
l.225 \chapter
              *{Introduction} [1

] [2

] [3

] [4]
Chapitre 1.
LaTeX Font Info:    Try loading font information for OMS+cmr on input line 247.

(D:\Programmes\Prog_miktex\tex\latex\base\omscmr.fd
File: omscmr.fd 2014/09/29 v2.5h Standard LaTeX font definitions
)
LaTeX Font Info:    Font shape `OMS/cmr/m/n' in size <12> not available
(Font)              Font shape `OMS/cmsy/m/n' tried instead on input line 247.
 [5

] [6]
Chapitre 2.
<images/OBS.png, id=56, 486.81876pt x 266.9975pt>
File: images/OBS.png Graphic file (type png)
<use images/OBS.png>
Package pdftex.def Info: images/OBS.png  used on input line 314.
(pdftex.def)             Requested size: 460.72124pt x 252.6847pt.
[7

]
<images/OB2.png, id=64, 609.27625pt x 387.4475pt>
File: images/OB2.png Graphic file (type png)
<use images/OB2.png>
Package pdftex.def Info: images/OB2.png  used on input line 316.
(pdftex.def)             Requested size: 460.72124pt x 292.99107pt.
 [8 <./images/OBS.png> <./images/OB2.png>]
Chapitre 3.
<images/Gant.png, id=71, 768.8725pt x 336.25626pt>
File: images/Gant.png Graphic file (type png)
<use images/Gant.png>
Package pdftex.def Info: images/Gant.png  used on input line 339.
(pdftex.def)             Requested size: 460.72124pt x 201.49364pt.
[9

] [10 <./images/Gant.png>]
Chapitre 4.
<images/PBS.png, id=85, 608.2725pt x 148.555pt>
File: images/PBS.png Graphic file (type png)
<use images/PBS.png>
Package pdftex.def Info: images/PBS.png  used on input line 347.
(pdftex.def)             Requested size: 322.50345pt x 78.7655pt.
<images/WBS.png, id=86, 610.28pt x 314.17375pt>
File: images/WBS.png Graphic file (type png)
<use images/WBS.png>
Package pdftex.def Info: images/WBS.png  used on input line 354.
(pdftex.def)             Requested size: 322.50345pt x 166.03189pt.
[11

 <./images/PBS.png>] [12 <./images/WBS.png>]
Chapitre 5.
[13

]
Chapitre 6.
<images/matrice.png, id=109, 600.2425pt x 405.515pt>
File: images/matrice.png Graphic file (type png)
<use images/matrice.png>
Package pdftex.def Info: images/matrice.png  used on input line 377.
(pdftex.def)             Requested size: 460.72124pt x 311.26366pt.
[14

 <./images/matrice.png>]
Chapitre 7.
[15

] [16

]
Chapitre 8.
[17

]
Chapitre 9.
[18

] [19

]
\tf@lof=\write7
\openout7 = `Rapport_Pie.lof'.

 [20


] [21


]
Package atveryend Info: Empty hook `BeforeClearDocument' on input line 462.
Package atveryend Info: Empty hook `AfterLastShipout' on input line 462.
 (Rapport_Pie.aux)
Package atveryend Info: Executing hook `AtVeryEndDocument' on input line 462.
Package atveryend Info: Executing hook `AtEndAfterFileList' on input line 462.


Package rerunfilecheck Warning: File `Rapport_Pie.out' has changed.
(rerunfilecheck)                Rerun to get outlines right
(rerunfilecheck)                or use package `bookmark'.

Package rerunfilecheck Info: Checksums for `Rapport_Pie.out':
(rerunfilecheck)             Before: <no file>
(rerunfilecheck)             After:  2A55C64D00E474E0313597342E8D62E4;2274.

LaTeX Warning: Label(s) may have changed. Rerun to get cross-references right.

Package atveryend Info: Empty hook `AtVeryVeryEnd' on input line 462.
 ) 
Here is how much of TeX's memory you used:
 31975 strings out of 492965
 754839 string characters out of 3136614
 956326 words of memory out of 3000000
 35221 multiletter control sequences out of 15000+200000
 19940 words of font info for 53 fonts, out of 3000000 for 9000
 1141 hyphenation exceptions out of 8191
 78i,11n,136p,1172b,609s stack positions out of 5000i,500n,10000p,200000b,50000s
{D:/Programmes/Prog_miktex/fonts/enc/dvips/cm-super/cm-super-t1.enc}<D:/Progr
ammes/Prog_miktex/fonts/type1/public/amsfonts/cm/cmsy10.pfb><D:/Programmes/Prog
_miktex/fonts/type1/public/cm-super/sfbx1200.pfb><D:/Programmes/Prog_miktex/fon
ts/type1/public/cm-super/sfbx1728.pfb><D:/Programmes/Prog_miktex/fonts/type1/pu
blic/cm-super/sfbx2488.pfb><D:/Programmes/Prog_miktex/fonts/type1/public/cm-sup
er/sfcc1200.pfb><D:/Programmes/Prog_miktex/fonts/type1/public/cm-super/sfcc1440
.pfb><D:/Programmes/Prog_miktex/fonts/type1/public/cm-super/sfrm0900.pfb><D:/Pr
ogrammes/Prog_miktex/fonts/type1/public/cm-super/sfrm1200.pfb><D:/Programmes/Pr
og_miktex/fonts/type1/public/cm-super/sfrm1440.pfb><D:/Programmes/Prog_miktex/f
onts/type1/public/cm-super/sfti1200.pfb><D:/Programmes/Prog_miktex/fonts/type1/
public/cm-super/sfti1440.pfb>
Output written on Rapport_Pie.pdf (22 pages, 562328 bytes).
PDF statistics:
 217 PDF objects out of 1000 (max. 8388607)
 65 named destinations out of 1000 (max. 500000)
 48 words of extra memory for PDF output out of 10000 (max. 10000000)

