\BOOKMARK [-1][-]{part.1}{I Gestion de projet}{}% 1
\BOOKMARK [0][-]{section.0.1}{Description du projet}{part.1}% 2
\BOOKMARK [1][-]{subsection.0.1.1}{Objectifs du projet, p\351rim\350tre et r\351sultats attendus}{section.0.1}% 3
\BOOKMARK [2][-]{subsection.0.1.2}{Les parties prenantes du projet}{subsection.0.1.1}% 4
\BOOKMARK [2][-]{subsection.0.1.3}{Les exigences de haut niveau}{subsection.0.1.1}% 5
\BOOKMARK [2][-]{subsection.0.1.4}{Les contraintes identifi\351es}{subsection.0.1.1}% 6
\BOOKMARK [2][-]{subsection.0.1.5}{Hypoth\350ses de travail}{subsection.0.1.1}% 7
\BOOKMARK [1][-]{section.0.2}{Organisation}{section.0.1}% 8
\BOOKMARK [2][-]{subsection.0.2.1}{Organisation de l\220\351quipe}{section.0.2}% 9
\BOOKMARK [2][-]{subsection.0.2.2}{Organisation du travail \(m\351thodes et outils\)}{section.0.2}% 10
\BOOKMARK [1][-]{section.0.3}{Processus du d\351veloppement}{section.0.1}% 11
\BOOKMARK [2][-]{subsection.0.3.1}{Logique de d\351veloppement}{section.0.3}% 12
\BOOKMARK [2][-]{subsection.0.3.2}{D\351finition des jalons}{section.0.3}% 13
\BOOKMARK [2][-]{subsection.0.3.3}{Planning de projet}{section.0.3}% 14
\BOOKMARK [1][-]{section.0.4}{Outils de gestion de projet}{section.0.1}% 15
\BOOKMARK [1][-]{section.0.5}{Les livrables du projet}{section.0.1}% 16
\BOOKMARK [2][-]{subsection.0.5.1}{Liste des produits livrables au client}{section.0.5}% 17
\BOOKMARK [2][-]{subsection.0.5.2}{Liste des livrables demand\351s par l\220\351cole }{section.0.5}% 18
\BOOKMARK [1][-]{section.0.6}{Risques et opportunit\351s}{section.0.1}% 19
\BOOKMARK [1][-]{section.0.7}{Suivi et Contr\364le}{section.0.1}% 20
\BOOKMARK [2][-]{subsection.0.7.1}{Tableau de bord de suivi}{section.0.7}% 21
\BOOKMARK [2][-]{subsection.0.7.2}{Communication }{section.0.7}% 22
\BOOKMARK [-1][-]{part.2}{II M\351thodes num\351riques}{}% 23
\BOOKMARK [0][-]{section.0.8}{M\351thodes spectrales}{part.2}% 24
\BOOKMARK [1][-]{subsection.0.8.1}{Int\351r\352t}{section.0.8}% 25
\BOOKMARK [2][-]{subsection.0.8.2}{Formalisme et D\351finition}{subsection.0.8.1}% 26
\BOOKMARK [1][-]{section.0.9}{M\351thodes temporelles}{section.0.8}% 27
\BOOKMARK [2][-]{subsection.0.9.1}{M\351thodes classiques}{section.0.9}% 28
\BOOKMARK [2][-]{subsection.0.9.2}{Exponentiel}{section.0.9}% 29
\BOOKMARK [2][-]{subsection.0.9.3}{Rosenbroch}{section.0.9}% 30
\BOOKMARK [-1][-]{part.3}{III R\351sultats et perspectives}{}% 31
\BOOKMARK [0][-]{section.0.10}{Equation diff\351rentielles ordinaire}{part.3}% 32
\BOOKMARK [1][-]{section.0.11}{Equation aux d\351riv\351es partielles}{section.0.10}% 33
\BOOKMARK [1][-]{section.0.12}{Conclusion et persepectives}{section.0.10}% 34
